<?xml version="1.0" encoding="UTF-8"?>
<robot generator="Robot 4.1.1 (Python 3.9.2 on darwin)" generated="20211005 16:23:19.590" rpa="false" schemaversion="2">
<suite id="s1" name="WebTest1" source="/Users/bobiandreevski/PycharmProjects/pythonProject1/webtest/Tests/Web/Production/WebTest1.robot">
<test id="s1-t1" name="Test to login with valid credentials to Swedish account">
<kw name="Hejalbert Website Is Open" type="SETUP">
<kw name="Open Browser" library="SeleniumLibrary">
<arg>${SWE_URL}</arg>
<arg>${BROWSER}</arg>
<doc>Opens a new browser instance to the optional ``url``.</doc>
<msg timestamp="20211005 16:23:19.842" level="INFO">Opening browser 'headlesschrome' to base url 'https://hejalbert.se/'.</msg>
<status status="PASS" starttime="20211005 16:23:19.842" endtime="20211005 16:23:22.662"/>
</kw>
<kw name="Set Window Size" library="SeleniumLibrary">
<arg>1400</arg>
<arg>600</arg>
<doc>Sets current windows size to given ``width`` and ``height``.</doc>
<status status="PASS" starttime="20211005 16:23:22.662" endtime="20211005 16:23:22.807"/>
</kw>
<status status="PASS" starttime="20211005 16:23:19.841" endtime="20211005 16:23:22.808"/>
</kw>
<kw name="Wait Until Element Is Visible" library="SeleniumLibrary">
<arg>//*[@id="home_bas_modal"]</arg>
<doc>Waits until the element ``locator`` is visible.</doc>
<status status="PASS" starttime="20211005 16:23:22.809" endtime="20211005 16:23:23.144"/>
</kw>
<kw name="Click Element" library="SeleniumLibrary">
<arg>//*[@id="__next"]/header[2]/nav[2]/ul/li[1]/a</arg>
<doc>Click the element identified by ``locator``.</doc>
<msg timestamp="20211005 16:23:23.145" level="INFO">Clicking element '//*[@id="__next"]/header[2]/nav[2]/ul/li[1]/a'.</msg>
<status status="PASS" starttime="20211005 16:23:23.145" endtime="20211005 16:23:23.940"/>
</kw>
<kw name="Wait Until Page Contains" library="SeleniumLibrary">
<arg>Logga in på Föräldraportalen</arg>
<doc>Waits until ``text`` appears on the current page.</doc>
<status status="PASS" starttime="20211005 16:23:23.940" endtime="20211005 16:23:24.798"/>
</kw>
<kw name="Input Text" library="SeleniumLibrary">
<arg>//*[@id="root"]/div/div/div/form/div/label[1]/div/input</arg>
<arg>${USERNAME}</arg>
<doc>Types the given ``text`` into the text field identified by ``locator``.</doc>
<msg timestamp="20211005 16:23:24.799" level="INFO">Typing text 'bobi@hejalbert.se' into text field '//*[@id="root"]/div/div/div/form/div/label[1]/div/input'.</msg>
<status status="PASS" starttime="20211005 16:23:24.799" endtime="20211005 16:23:24.918"/>
</kw>
<kw name="Input Text" library="SeleniumLibrary">
<arg>//*[@id="root"]/div/div/div/form/div/label[2]/div/input</arg>
<arg>${PASSWORD}</arg>
<doc>Types the given ``text`` into the text field identified by ``locator``.</doc>
<msg timestamp="20211005 16:23:24.919" level="INFO">Typing text 'test1234' into text field '//*[@id="root"]/div/div/div/form/div/label[2]/div/input'.</msg>
<status status="PASS" starttime="20211005 16:23:24.918" endtime="20211005 16:23:24.990"/>
</kw>
<kw name="Click Button" library="SeleniumLibrary">
<arg>//*[@id="root"]/div/div/div/form/button</arg>
<doc>Clicks the button identified by ``locator``.</doc>
<msg timestamp="20211005 16:23:24.991" level="INFO">Clicking button '//*[@id="root"]/div/div/div/form/button'.</msg>
<status status="PASS" starttime="20211005 16:23:24.991" endtime="20211005 16:23:25.059"/>
</kw>
<kw name="Wait Until Page Contains" library="SeleniumLibrary">
<arg>Föräldrarapport</arg>
<doc>Waits until ``text`` appears on the current page.</doc>
<status status="PASS" starttime="20211005 16:23:25.060" endtime="20211005 16:23:27.385"/>
</kw>
<kw name="Element Should Contain" library="SeleniumLibrary">
<arg>//*[@id="root"]/header/div/div/div</arg>
<arg>${USERNAME}</arg>
<doc>Verifies that element ``locator`` contains text ``expected``.</doc>
<msg timestamp="20211005 16:23:27.419" level="INFO">Element '//*[@id="root"]/header/div/div/div' contains text 'bobi@hejalbert.se'.</msg>
<status status="PASS" starttime="20211005 16:23:27.385" endtime="20211005 16:23:27.419"/>
</kw>
<kw name="Click Element" library="SeleniumLibrary">
<arg>//*[@id="root"]/header/div/div</arg>
<doc>Click the element identified by ``locator``.</doc>
<msg timestamp="20211005 16:23:27.420" level="INFO">Clicking element '//*[@id="root"]/header/div/div'.</msg>
<status status="PASS" starttime="20211005 16:23:27.420" endtime="20211005 16:23:27.464"/>
</kw>
<kw name="Click Element" library="SeleniumLibrary">
<arg>//*[@id="root"]/header/div/nav/ul/li[2]/a</arg>
<doc>Click the element identified by ``locator``.</doc>
<msg timestamp="20211005 16:23:27.464" level="INFO">Clicking element '//*[@id="root"]/header/div/nav/ul/li[2]/a'.</msg>
<status status="PASS" starttime="20211005 16:23:27.464" endtime="20211005 16:23:27.502"/>
</kw>
<kw name="Wait Until Page Contains" library="SeleniumLibrary">
<arg>Logga in på Föräldraportalen</arg>
<doc>Waits until ``text`` appears on the current page.</doc>
<status status="PASS" starttime="20211005 16:23:27.502" endtime="20211005 16:23:27.529"/>
</kw>
<kw name="Close Browser" library="SeleniumLibrary" type="TEARDOWN">
<doc>Closes the current browser.</doc>
<status status="PASS" starttime="20211005 16:23:27.530" endtime="20211005 16:23:27.622"/>
</kw>
<doc>Login to hejalbert</doc>
<status status="PASS" starttime="20211005 16:23:19.841" endtime="20211005 16:23:27.622"/>
</test>
<test id="s1-t2" name="Test to login with valid credentials to Norwegian account">
<kw name="Hejalbert Website Is Open" type="SETUP">
<kw name="Open Browser" library="SeleniumLibrary">
<arg>${SWE_URL}</arg>
<arg>${BROWSER}</arg>
<doc>Opens a new browser instance to the optional ``url``.</doc>
<msg timestamp="20211005 16:23:27.626" level="INFO">Opening browser 'headlesschrome' to base url 'https://hejalbert.se/'.</msg>
<status status="PASS" starttime="20211005 16:23:27.625" endtime="20211005 16:23:30.704"/>
</kw>
<kw name="Set Window Size" library="SeleniumLibrary">
<arg>1400</arg>
<arg>600</arg>
<doc>Sets current windows size to given ``width`` and ``height``.</doc>
<status status="PASS" starttime="20211005 16:23:30.704" endtime="20211005 16:23:30.811"/>
</kw>
<status status="PASS" starttime="20211005 16:23:27.625" endtime="20211005 16:23:30.811"/>
</kw>
<kw name="Go To" library="SeleniumLibrary">
<arg>${NOR_URL}</arg>
<doc>Navigates the current browser window to the provided ``url``.</doc>
<msg timestamp="20211005 16:23:30.811" level="INFO">Opening url 'https://heialbert.no/'</msg>
<status status="PASS" starttime="20211005 16:23:30.811" endtime="20211005 16:23:31.952"/>
</kw>
<kw name="Wait Until Element Is Visible" library="SeleniumLibrary">
<arg>//*[@id="__next"]/header[2]/nav[2]/ul/li[1]/a</arg>
<doc>Waits until the element ``locator`` is visible.</doc>
<status status="PASS" starttime="20211005 16:23:31.953" endtime="20211005 16:23:31.978"/>
</kw>
<kw name="Click Element" library="SeleniumLibrary">
<arg>//*[@id="__next"]/header[2]/nav[2]/ul/li[1]/a</arg>
<doc>Click the element identified by ``locator``.</doc>
<msg timestamp="20211005 16:23:31.979" level="INFO">Clicking element '//*[@id="__next"]/header[2]/nav[2]/ul/li[1]/a'.</msg>
<status status="PASS" starttime="20211005 16:23:31.979" endtime="20211005 16:23:32.763"/>
</kw>
<kw name="Wait Until Page Contains" library="SeleniumLibrary">
<arg>Logg inn på foreldreportalen</arg>
<doc>Waits until ``text`` appears on the current page.</doc>
<status status="PASS" starttime="20211005 16:23:32.764" endtime="20211005 16:23:33.421"/>
</kw>
<kw name="Input Text" library="SeleniumLibrary">
<arg>//*[@id="root"]/div/div/div/form/div/label[1]/div/input</arg>
<arg>${USERNAME}</arg>
<doc>Types the given ``text`` into the text field identified by ``locator``.</doc>
<msg timestamp="20211005 16:23:33.421" level="INFO">Typing text 'bobi@hejalbert.se' into text field '//*[@id="root"]/div/div/div/form/div/label[1]/div/input'.</msg>
<status status="PASS" starttime="20211005 16:23:33.421" endtime="20211005 16:23:33.538"/>
</kw>
<kw name="Input Text" library="SeleniumLibrary">
<arg>//*[@id="root"]/div/div/div/form/div/label[2]/div/input</arg>
<arg>${PASSWORD}</arg>
<doc>Types the given ``text`` into the text field identified by ``locator``.</doc>
<msg timestamp="20211005 16:23:33.539" level="INFO">Typing text 'test1234' into text field '//*[@id="root"]/div/div/div/form/div/label[2]/div/input'.</msg>
<status status="PASS" starttime="20211005 16:23:33.538" endtime="20211005 16:23:33.609"/>
</kw>
<kw name="Click Button" library="SeleniumLibrary">
<arg>//*[@id="root"]/div/div/div/form/button</arg>
<doc>Clicks the button identified by ``locator``.</doc>
<msg timestamp="20211005 16:23:33.610" level="INFO">Clicking button '//*[@id="root"]/div/div/div/form/button'.</msg>
<status status="PASS" starttime="20211005 16:23:33.610" endtime="20211005 16:23:33.680"/>
</kw>
<kw name="Wait Until Page Contains" library="SeleniumLibrary">
<arg>Foreldrerapport</arg>
<doc>Waits until ``text`` appears on the current page.</doc>
<status status="PASS" starttime="20211005 16:23:33.680" endtime="20211005 16:23:35.598"/>
</kw>
<kw name="Element Should Contain" library="SeleniumLibrary">
<arg>//*[@id="root"]/header/div/div/div</arg>
<arg>${USERNAME}</arg>
<doc>Verifies that element ``locator`` contains text ``expected``.</doc>
<msg timestamp="20211005 16:23:35.626" level="INFO">Element '//*[@id="root"]/header/div/div/div' contains text 'bobi@hejalbert.se'.</msg>
<status status="PASS" starttime="20211005 16:23:35.599" endtime="20211005 16:23:35.626"/>
</kw>
<kw name="Click Element" library="SeleniumLibrary">
<arg>//*[@id="root"]/header/div/div</arg>
<doc>Click the element identified by ``locator``.</doc>
<msg timestamp="20211005 16:23:35.627" level="INFO">Clicking element '//*[@id="root"]/header/div/div'.</msg>
<status status="PASS" starttime="20211005 16:23:35.626" endtime="20211005 16:23:35.666"/>
</kw>
<kw name="Click Element" library="SeleniumLibrary">
<arg>//*[@id="root"]/header/div/nav/ul/li[2]/a</arg>
<doc>Click the element identified by ``locator``.</doc>
<msg timestamp="20211005 16:23:35.666" level="INFO">Clicking element '//*[@id="root"]/header/div/nav/ul/li[2]/a'.</msg>
<status status="PASS" starttime="20211005 16:23:35.666" endtime="20211005 16:23:35.708"/>
</kw>
<kw name="Wait Until Page Contains" library="SeleniumLibrary">
<arg>Logg inn på foreldreportalen</arg>
<doc>Waits until ``text`` appears on the current page.</doc>
<status status="PASS" starttime="20211005 16:23:35.708" endtime="20211005 16:23:35.735"/>
</kw>
<kw name="Close Browser" library="SeleniumLibrary" type="TEARDOWN">
<doc>Closes the current browser.</doc>
<status status="PASS" starttime="20211005 16:23:35.736" endtime="20211005 16:23:35.838"/>
</kw>
<doc>Login to Norwegian hejalbert</doc>
<status status="PASS" starttime="20211005 16:23:27.624" endtime="20211005 16:23:35.839"/>
</test>
<test id="s1-t3" name="Test to login with valid credentials to Polish account">
<kw name="Hejalbert Website Is Open" type="SETUP">
<kw name="Open Browser" library="SeleniumLibrary">
<arg>${SWE_URL}</arg>
<arg>${BROWSER}</arg>
<doc>Opens a new browser instance to the optional ``url``.</doc>
<msg timestamp="20211005 16:23:35.842" level="INFO">Opening browser 'headlesschrome' to base url 'https://hejalbert.se/'.</msg>
<status status="PASS" starttime="20211005 16:23:35.842" endtime="20211005 16:23:38.157"/>
</kw>
<kw name="Set Window Size" library="SeleniumLibrary">
<arg>1400</arg>
<arg>600</arg>
<doc>Sets current windows size to given ``width`` and ``height``.</doc>
<status status="PASS" starttime="20211005 16:23:38.158" endtime="20211005 16:23:38.307"/>
</kw>
<status status="PASS" starttime="20211005 16:23:35.841" endtime="20211005 16:23:38.307"/>
</kw>
<kw name="Go To" library="SeleniumLibrary">
<arg>${POL_URL}</arg>
<doc>Navigates the current browser window to the provided ``url``.</doc>
<msg timestamp="20211005 16:23:38.308" level="INFO">Opening url 'https://hejalbert.pl/'</msg>
<status status="PASS" starttime="20211005 16:23:38.307" endtime="20211005 16:23:39.676"/>
</kw>
<kw name="Wait Until Element Is Visible" library="SeleniumLibrary">
<arg>//*[@id="__next"]/header[2]/nav[2]/ul/li[1]/a</arg>
<doc>Waits until the element ``locator`` is visible.</doc>
<status status="PASS" starttime="20211005 16:23:39.676" endtime="20211005 16:23:39.702"/>
</kw>
<kw name="Click Element" library="SeleniumLibrary">
<arg>//*[@id="__next"]/header[2]/nav[2]/ul/li[1]/a</arg>
<doc>Click the element identified by ``locator``.</doc>
<msg timestamp="20211005 16:23:39.703" level="INFO">Clicking element '//*[@id="__next"]/header[2]/nav[2]/ul/li[1]/a'.</msg>
<status status="PASS" starttime="20211005 16:23:39.703" endtime="20211005 16:23:40.026"/>
</kw>
<kw name="Wait Until Page Contains" library="SeleniumLibrary">
<arg>Zaloguj się do Portalu rodzicielskiego</arg>
<doc>Waits until ``text`` appears on the current page.</doc>
<status status="PASS" starttime="20211005 16:23:40.026" endtime="20211005 16:23:42.685"/>
</kw>
<kw name="Input Text" library="SeleniumLibrary">
<arg>//*[@id="root"]/div/div/div/form/div/label[1]/div/input</arg>
<arg>${USERNAME}</arg>
<doc>Types the given ``text`` into the text field identified by ``locator``.</doc>
<msg timestamp="20211005 16:23:42.685" level="INFO">Typing text 'bobi@hejalbert.se' into text field '//*[@id="root"]/div/div/div/form/div/label[1]/div/input'.</msg>
<status status="PASS" starttime="20211005 16:23:42.685" endtime="20211005 16:23:42.797"/>
</kw>
<kw name="Input Text" library="SeleniumLibrary">
<arg>//*[@id="root"]/div/div/div/form/div/label[2]/div/input</arg>
<arg>${PASSWORD}</arg>
<doc>Types the given ``text`` into the text field identified by ``locator``.</doc>
<msg timestamp="20211005 16:23:42.798" level="INFO">Typing text 'test1234' into text field '//*[@id="root"]/div/div/div/form/div/label[2]/div/input'.</msg>
<status status="PASS" starttime="20211005 16:23:42.797" endtime="20211005 16:23:42.880"/>
</kw>
<kw name="Click Button" library="SeleniumLibrary">
<arg>//*[@id="root"]/div/div/div/form/button</arg>
<doc>Clicks the button identified by ``locator``.</doc>
<msg timestamp="20211005 16:23:42.880" level="INFO">Clicking button '//*[@id="root"]/div/div/div/form/button'.</msg>
<status status="PASS" starttime="20211005 16:23:42.880" endtime="20211005 16:23:42.955"/>
</kw>
<kw name="Wait Until Page Contains" library="SeleniumLibrary">
<arg>Sprawozdanie dla rodzica</arg>
<doc>Waits until ``text`` appears on the current page.</doc>
<status status="PASS" starttime="20211005 16:23:42.955" endtime="20211005 16:23:45.258"/>
</kw>
<kw name="Element Should Contain" library="SeleniumLibrary">
<arg>//*[@id="root"]/header/div/div/div</arg>
<arg>${USERNAME}</arg>
<doc>Verifies that element ``locator`` contains text ``expected``.</doc>
<msg timestamp="20211005 16:23:45.281" level="INFO">Element '//*[@id="root"]/header/div/div/div' contains text 'bobi@hejalbert.se'.</msg>
<status status="PASS" starttime="20211005 16:23:45.258" endtime="20211005 16:23:45.281"/>
</kw>
<kw name="Click Element" library="SeleniumLibrary">
<arg>//*[@id="root"]/header/div/div</arg>
<doc>Click the element identified by ``locator``.</doc>
<msg timestamp="20211005 16:23:45.282" level="INFO">Clicking element '//*[@id="root"]/header/div/div'.</msg>
<status status="PASS" starttime="20211005 16:23:45.282" endtime="20211005 16:23:45.318"/>
</kw>
<kw name="Click Element" library="SeleniumLibrary">
<arg>//*[@id="root"]/header/div/nav/ul/li[2]/a</arg>
<doc>Click the element identified by ``locator``.</doc>
<msg timestamp="20211005 16:23:45.319" level="INFO">Clicking element '//*[@id="root"]/header/div/nav/ul/li[2]/a'.</msg>
<status status="PASS" starttime="20211005 16:23:45.319" endtime="20211005 16:23:45.393"/>
</kw>
<kw name="Wait Until Page Contains" library="SeleniumLibrary">
<arg>Zaloguj się do Portalu rodzicielskiego</arg>
<doc>Waits until ``text`` appears on the current page.</doc>
<status status="PASS" starttime="20211005 16:23:45.393" endtime="20211005 16:23:45.418"/>
</kw>
<kw name="Close Browser" library="SeleniumLibrary" type="TEARDOWN">
<doc>Closes the current browser.</doc>
<status status="PASS" starttime="20211005 16:23:45.419" endtime="20211005 16:23:45.521"/>
</kw>
<doc>Login to Polish hejalbert</doc>
<status status="PASS" starttime="20211005 16:23:35.840" endtime="20211005 16:23:45.521"/>
</test>
<test id="s1-t4" name="Test to login with valid credentials to Danish account">
<kw name="Hejalbert Website Is Open" type="SETUP">
<kw name="Open Browser" library="SeleniumLibrary">
<arg>${SWE_URL}</arg>
<arg>${BROWSER}</arg>
<doc>Opens a new browser instance to the optional ``url``.</doc>
<msg timestamp="20211005 16:23:45.524" level="INFO">Opening browser 'headlesschrome' to base url 'https://hejalbert.se/'.</msg>
<status status="PASS" starttime="20211005 16:23:45.523" endtime="20211005 16:23:48.625"/>
</kw>
<kw name="Set Window Size" library="SeleniumLibrary">
<arg>1400</arg>
<arg>600</arg>
<doc>Sets current windows size to given ``width`` and ``height``.</doc>
<status status="PASS" starttime="20211005 16:23:48.625" endtime="20211005 16:23:48.732"/>
</kw>
<status status="PASS" starttime="20211005 16:23:45.523" endtime="20211005 16:23:48.732"/>
</kw>
<kw name="Go To" library="SeleniumLibrary">
<arg>${DK_URL}</arg>
<doc>Navigates the current browser window to the provided ``url``.</doc>
<msg timestamp="20211005 16:23:48.733" level="INFO">Opening url 'https://hejalbert.dk/'</msg>
<status status="PASS" starttime="20211005 16:23:48.732" endtime="20211005 16:23:49.545"/>
</kw>
<kw name="Wait Until Element Is Visible" library="SeleniumLibrary">
<arg>//*[@id="__next"]/header[2]/nav[2]/ul/li[1]/a</arg>
<doc>Waits until the element ``locator`` is visible.</doc>
<status status="PASS" starttime="20211005 16:23:49.545" endtime="20211005 16:23:49.718"/>
</kw>
<kw name="Click Element" library="SeleniumLibrary">
<arg>//*[@id="__next"]/header[2]/nav[2]/ul/li[1]/a</arg>
<doc>Click the element identified by ``locator``.</doc>
<msg timestamp="20211005 16:23:49.719" level="INFO">Clicking element '//*[@id="__next"]/header[2]/nav[2]/ul/li[1]/a'.</msg>
<status status="PASS" starttime="20211005 16:23:49.718" endtime="20211005 16:23:50.646"/>
</kw>
<kw name="Wait Until Page Contains" library="SeleniumLibrary">
<arg>Log ind på forældreportalen</arg>
<doc>Waits until ``text`` appears on the current page.</doc>
<status status="PASS" starttime="20211005 16:23:50.646" endtime="20211005 16:23:51.500"/>
</kw>
<kw name="Input Text" library="SeleniumLibrary">
<arg>//*[@id="root"]/div/div/div/form/div/label[1]/div/input</arg>
<arg>${USERNAME}</arg>
<doc>Types the given ``text`` into the text field identified by ``locator``.</doc>
<msg timestamp="20211005 16:23:51.501" level="INFO">Typing text 'bobi@hejalbert.se' into text field '//*[@id="root"]/div/div/div/form/div/label[1]/div/input'.</msg>
<status status="PASS" starttime="20211005 16:23:51.501" endtime="20211005 16:23:51.613"/>
</kw>
<kw name="Input Text" library="SeleniumLibrary">
<arg>//*[@id="root"]/div/div/div/form/div/label[2]/div/input</arg>
<arg>${PASSWORD}</arg>
<doc>Types the given ``text`` into the text field identified by ``locator``.</doc>
<msg timestamp="20211005 16:23:51.614" level="INFO">Typing text 'test1234' into text field '//*[@id="root"]/div/div/div/form/div/label[2]/div/input'.</msg>
<status status="PASS" starttime="20211005 16:23:51.614" endtime="20211005 16:23:51.683"/>
</kw>
<kw name="Click Button" library="SeleniumLibrary">
<arg>//*[@id="root"]/div/div/div/form/button</arg>
<doc>Clicks the button identified by ``locator``.</doc>
<msg timestamp="20211005 16:23:51.684" level="INFO">Clicking button '//*[@id="root"]/div/div/div/form/button'.</msg>
<status status="PASS" starttime="20211005 16:23:51.684" endtime="20211005 16:23:51.749"/>
</kw>
<kw name="Wait Until Page Contains" library="SeleniumLibrary">
<arg>Forældrerapport</arg>
<doc>Waits until ``text`` appears on the current page.</doc>
<status status="PASS" starttime="20211005 16:23:51.750" endtime="20211005 16:23:53.928"/>
</kw>
<kw name="Element Should Contain" library="SeleniumLibrary">
<arg>//*[@id="root"]/header/div/div/div</arg>
<arg>${USERNAME}</arg>
<doc>Verifies that element ``locator`` contains text ``expected``.</doc>
<msg timestamp="20211005 16:23:53.972" level="INFO">Element '//*[@id="root"]/header/div/div/div' contains text 'bobi@hejalbert.se'.</msg>
<status status="PASS" starttime="20211005 16:23:53.929" endtime="20211005 16:23:53.972"/>
</kw>
<kw name="Click Element" library="SeleniumLibrary">
<arg>//*[@id="root"]/header/div/div</arg>
<doc>Click the element identified by ``locator``.</doc>
<msg timestamp="20211005 16:23:53.973" level="INFO">Clicking element '//*[@id="root"]/header/div/div'.</msg>
<status status="PASS" starttime="20211005 16:23:53.972" endtime="20211005 16:23:54.019"/>
</kw>
<kw name="Click Element" library="SeleniumLibrary">
<arg>//*[@id="root"]/header/div/nav/ul/li[2]/a</arg>
<doc>Click the element identified by ``locator``.</doc>
<msg timestamp="20211005 16:23:54.020" level="INFO">Clicking element '//*[@id="root"]/header/div/nav/ul/li[2]/a'.</msg>
<status status="PASS" starttime="20211005 16:23:54.020" endtime="20211005 16:23:54.095"/>
</kw>
<kw name="Wait Until Page Contains" library="SeleniumLibrary">
<arg>Log ind på forældreportalen</arg>
<doc>Waits until ``text`` appears on the current page.</doc>
<status status="PASS" starttime="20211005 16:23:54.096" endtime="20211005 16:23:54.118"/>
</kw>
<kw name="Close Browser" library="SeleniumLibrary" type="TEARDOWN">
<doc>Closes the current browser.</doc>
<status status="PASS" starttime="20211005 16:23:54.118" endtime="20211005 16:23:54.222"/>
</kw>
<doc>Login to Danish hejalbert</doc>
<status status="PASS" starttime="20211005 16:23:45.522" endtime="20211005 16:23:54.222"/>
</test>
<test id="s1-t5" name="Test to login with valid credentials to English account">
<kw name="Hejalbert Website Is Open" type="SETUP">
<kw name="Open Browser" library="SeleniumLibrary">
<arg>${SWE_URL}</arg>
<arg>${BROWSER}</arg>
<doc>Opens a new browser instance to the optional ``url``.</doc>
<msg timestamp="20211005 16:23:54.225" level="INFO">Opening browser 'headlesschrome' to base url 'https://hejalbert.se/'.</msg>
<status status="PASS" starttime="20211005 16:23:54.225" endtime="20211005 16:23:56.619"/>
</kw>
<kw name="Set Window Size" library="SeleniumLibrary">
<arg>1400</arg>
<arg>600</arg>
<doc>Sets current windows size to given ``width`` and ``height``.</doc>
<status status="PASS" starttime="20211005 16:23:56.620" endtime="20211005 16:23:56.748"/>
</kw>
<status status="PASS" starttime="20211005 16:23:54.224" endtime="20211005 16:23:56.748"/>
</kw>
<kw name="Go To" library="SeleniumLibrary">
<arg>${UK_URL}</arg>
<doc>Navigates the current browser window to the provided ``url``.</doc>
<msg timestamp="20211005 16:23:56.750" level="INFO">Opening url 'https://hialbert.co.uk/'</msg>
<status status="PASS" starttime="20211005 16:23:56.749" endtime="20211005 16:23:57.484"/>
</kw>
<kw name="Wait Until Element Is Visible" library="SeleniumLibrary">
<arg>//*[@id="__next"]/header[2]/nav[2]/ul/li[1]/a</arg>
<doc>Waits until the element ``locator`` is visible.</doc>
<status status="PASS" starttime="20211005 16:23:57.484" endtime="20211005 16:23:57.728"/>
</kw>
<kw name="Click Element" library="SeleniumLibrary">
<arg>//*[@id="__next"]/header[2]/nav[2]/ul/li[1]/a</arg>
<doc>Click the element identified by ``locator``.</doc>
<msg timestamp="20211005 16:23:57.729" level="INFO">Clicking element '//*[@id="__next"]/header[2]/nav[2]/ul/li[1]/a'.</msg>
<status status="PASS" starttime="20211005 16:23:57.728" endtime="20211005 16:23:58.527"/>
</kw>
<kw name="Wait Until Page Contains" library="SeleniumLibrary">
<arg>Log in to the Parent Portal</arg>
<doc>Waits until ``text`` appears on the current page.</doc>
<status status="PASS" starttime="20211005 16:23:58.527" endtime="20211005 16:23:59.408"/>
</kw>
<kw name="Input Text" library="SeleniumLibrary">
<arg>//*[@id="root"]/div/div/div/form/div/label[1]/div/input</arg>
<arg>${USERNAME}</arg>
<doc>Types the given ``text`` into the text field identified by ``locator``.</doc>
<msg timestamp="20211005 16:23:59.409" level="INFO">Typing text 'bobi@hejalbert.se' into text field '//*[@id="root"]/div/div/div/form/div/label[1]/div/input'.</msg>
<status status="PASS" starttime="20211005 16:23:59.408" endtime="20211005 16:23:59.520"/>
</kw>
<kw name="Input Text" library="SeleniumLibrary">
<arg>//*[@id="root"]/div/div/div/form/div/label[2]/div/input</arg>
<arg>${PASSWORD}</arg>
<doc>Types the given ``text`` into the text field identified by ``locator``.</doc>
<msg timestamp="20211005 16:23:59.521" level="INFO">Typing text 'test1234' into text field '//*[@id="root"]/div/div/div/form/div/label[2]/div/input'.</msg>
<status status="PASS" starttime="20211005 16:23:59.520" endtime="20211005 16:23:59.592"/>
</kw>
<kw name="Click Button" library="SeleniumLibrary">
<arg>//*[@id="root"]/div/div/div/form/button</arg>
<doc>Clicks the button identified by ``locator``.</doc>
<msg timestamp="20211005 16:23:59.592" level="INFO">Clicking button '//*[@id="root"]/div/div/div/form/button'.</msg>
<status status="PASS" starttime="20211005 16:23:59.592" endtime="20211005 16:23:59.657"/>
</kw>
<kw name="Wait Until Page Contains" library="SeleniumLibrary">
<arg>Parental report</arg>
<doc>Waits until ``text`` appears on the current page.</doc>
<status status="PASS" starttime="20211005 16:23:59.657" endtime="20211005 16:24:01.586"/>
</kw>
<kw name="Element Should Contain" library="SeleniumLibrary">
<arg>//*[@id="root"]/header/div/div/div</arg>
<arg>${USERNAME}</arg>
<doc>Verifies that element ``locator`` contains text ``expected``.</doc>
<msg timestamp="20211005 16:24:01.620" level="INFO">Element '//*[@id="root"]/header/div/div/div' contains text 'bobi@hejalbert.se'.</msg>
<status status="PASS" starttime="20211005 16:24:01.586" endtime="20211005 16:24:01.620"/>
</kw>
<kw name="Click Element" library="SeleniumLibrary">
<arg>//*[@id="root"]/header/div/div</arg>
<doc>Click the element identified by ``locator``.</doc>
<msg timestamp="20211005 16:24:01.620" level="INFO">Clicking element '//*[@id="root"]/header/div/div'.</msg>
<status status="PASS" starttime="20211005 16:24:01.620" endtime="20211005 16:24:01.659"/>
</kw>
<kw name="Click Element" library="SeleniumLibrary">
<arg>//*[@id="root"]/header/div/nav/ul/li[2]/a</arg>
<doc>Click the element identified by ``locator``.</doc>
<msg timestamp="20211005 16:24:01.660" level="INFO">Clicking element '//*[@id="root"]/header/div/nav/ul/li[2]/a'.</msg>
<status status="PASS" starttime="20211005 16:24:01.659" endtime="20211005 16:24:01.698"/>
</kw>
<kw name="Wait Until Page Contains" library="SeleniumLibrary">
<arg>Log in to the Parent Portal</arg>
<doc>Waits until ``text`` appears on the current page.</doc>
<status status="PASS" starttime="20211005 16:24:01.698" endtime="20211005 16:24:01.724"/>
</kw>
<kw name="Close Browser" library="SeleniumLibrary" type="TEARDOWN">
<doc>Closes the current browser.</doc>
<status status="PASS" starttime="20211005 16:24:01.724" endtime="20211005 16:24:01.825"/>
</kw>
<doc>Login to English hejalbert</doc>
<status status="PASS" starttime="20211005 16:23:54.223" endtime="20211005 16:24:01.825"/>
</test>
<test id="s1-t6" name="Test to login with valid credentials to German account">
<kw name="Hejalbert Website Is Open" type="SETUP">
<kw name="Open Browser" library="SeleniumLibrary">
<arg>${SWE_URL}</arg>
<arg>${BROWSER}</arg>
<doc>Opens a new browser instance to the optional ``url``.</doc>
<msg timestamp="20211005 16:24:01.828" level="INFO">Opening browser 'headlesschrome' to base url 'https://hejalbert.se/'.</msg>
<status status="PASS" starttime="20211005 16:24:01.827" endtime="20211005 16:24:04.896"/>
</kw>
<kw name="Set Window Size" library="SeleniumLibrary">
<arg>1400</arg>
<arg>600</arg>
<doc>Sets current windows size to given ``width`` and ``height``.</doc>
<status status="PASS" starttime="20211005 16:24:04.897" endtime="20211005 16:24:05.014"/>
</kw>
<status status="PASS" starttime="20211005 16:24:01.827" endtime="20211005 16:24:05.014"/>
</kw>
<kw name="Go To" library="SeleniumLibrary">
<arg>${DE_URL}</arg>
<doc>Navigates the current browser window to the provided ``url``.</doc>
<msg timestamp="20211005 16:24:05.015" level="INFO">Opening url 'https://hialbert.de/'</msg>
<status status="PASS" starttime="20211005 16:24:05.014" endtime="20211005 16:24:06.250"/>
</kw>
<kw name="Wait Until Element Is Visible" library="SeleniumLibrary">
<arg>//*[@id="__next"]/header[2]/nav[2]/ul/li[1]/a</arg>
<doc>Waits until the element ``locator`` is visible.</doc>
<status status="PASS" starttime="20211005 16:24:06.250" endtime="20211005 16:24:06.279"/>
</kw>
<kw name="Click Element" library="SeleniumLibrary">
<arg>//*[@id="__next"]/header[2]/nav[2]/ul/li[1]/a</arg>
<doc>Click the element identified by ``locator``.</doc>
<msg timestamp="20211005 16:24:06.279" level="INFO">Clicking element '//*[@id="__next"]/header[2]/nav[2]/ul/li[1]/a'.</msg>
<status status="PASS" starttime="20211005 16:24:06.279" endtime="20211005 16:24:06.963"/>
</kw>
<kw name="Wait Until Page Contains" library="SeleniumLibrary">
<arg>Im Elternportal einloggen</arg>
<doc>Waits until ``text`` appears on the current page.</doc>
<status status="PASS" starttime="20211005 16:24:06.964" endtime="20211005 16:24:07.626"/>
</kw>
<kw name="Input Text" library="SeleniumLibrary">
<arg>//*[@id="root"]/div/div/div/form/div/label[1]/div/input</arg>
<arg>${USERNAME}</arg>
<doc>Types the given ``text`` into the text field identified by ``locator``.</doc>
<msg timestamp="20211005 16:24:07.627" level="INFO">Typing text 'bobi@hejalbert.se' into text field '//*[@id="root"]/div/div/div/form/div/label[1]/div/input'.</msg>
<status status="PASS" starttime="20211005 16:24:07.627" endtime="20211005 16:24:07.744"/>
</kw>
<kw name="Input Text" library="SeleniumLibrary">
<arg>//*[@id="root"]/div/div/div/form/div/label[2]/div/input</arg>
<arg>${PASSWORD}</arg>
<doc>Types the given ``text`` into the text field identified by ``locator``.</doc>
<msg timestamp="20211005 16:24:07.744" level="INFO">Typing text 'test1234' into text field '//*[@id="root"]/div/div/div/form/div/label[2]/div/input'.</msg>
<status status="PASS" starttime="20211005 16:24:07.744" endtime="20211005 16:24:07.813"/>
</kw>
<kw name="Click Button" library="SeleniumLibrary">
<arg>//*[@id="root"]/div/div/div/form/button</arg>
<doc>Clicks the button identified by ``locator``.</doc>
<msg timestamp="20211005 16:24:07.814" level="INFO">Clicking button '//*[@id="root"]/div/div/div/form/button'.</msg>
<status status="PASS" starttime="20211005 16:24:07.813" endtime="20211005 16:24:07.882"/>
</kw>
<kw name="Wait Until Page Contains" library="SeleniumLibrary">
<arg>Elternbericht</arg>
<doc>Waits until ``text`` appears on the current page.</doc>
<status status="PASS" starttime="20211005 16:24:07.882" endtime="20211005 16:24:10.622"/>
</kw>
<kw name="Element Should Contain" library="SeleniumLibrary">
<arg>//*[@id="root"]/header/div/div/div</arg>
<arg>${USERNAME}</arg>
<doc>Verifies that element ``locator`` contains text ``expected``.</doc>
<msg timestamp="20211005 16:24:10.661" level="INFO">Element '//*[@id="root"]/header/div/div/div' contains text 'bobi@hejalbert.se'.</msg>
<status status="PASS" starttime="20211005 16:24:10.622" endtime="20211005 16:24:10.661"/>
</kw>
<kw name="Click Element" library="SeleniumLibrary">
<arg>//*[@id="root"]/header/div/div</arg>
<doc>Click the element identified by ``locator``.</doc>
<msg timestamp="20211005 16:24:10.662" level="INFO">Clicking element '//*[@id="root"]/header/div/div'.</msg>
<status status="PASS" starttime="20211005 16:24:10.661" endtime="20211005 16:24:10.699"/>
</kw>
<kw name="Click Element" library="SeleniumLibrary">
<arg>//*[@id="root"]/header/div/nav/ul/li[2]/a</arg>
<doc>Click the element identified by ``locator``.</doc>
<msg timestamp="20211005 16:24:10.699" level="INFO">Clicking element '//*[@id="root"]/header/div/nav/ul/li[2]/a'.</msg>
<status status="PASS" starttime="20211005 16:24:10.699" endtime="20211005 16:24:10.737"/>
</kw>
<kw name="Wait Until Page Contains" library="SeleniumLibrary">
<arg>Im Elternportal einloggen</arg>
<doc>Waits until ``text`` appears on the current page.</doc>
<status status="PASS" starttime="20211005 16:24:10.738" endtime="20211005 16:24:10.758"/>
</kw>
<kw name="Close Browser" library="SeleniumLibrary" type="TEARDOWN">
<doc>Closes the current browser.</doc>
<status status="PASS" starttime="20211005 16:24:10.758" endtime="20211005 16:24:10.861"/>
</kw>
<doc>Login to German hejalbert</doc>
<status status="PASS" starttime="20211005 16:24:01.826" endtime="20211005 16:24:10.861"/>
</test>
<doc>Login to hej albert to all countrys</doc>
<status status="PASS" starttime="20211005 16:23:19.592" endtime="20211005 16:24:10.863"/>
</suite>
<statistics>
<total>
<stat pass="6" fail="0" skip="0">All Tests</stat>
</total>
<tag>
</tag>
<suite>
<stat pass="6" fail="0" skip="0" id="s1" name="WebTest1">WebTest1</stat>
</suite>
</statistics>
<errors>
</errors>
</robot>
