<?xml version="1.0" encoding="UTF-8"?>
<robot generator="Robot 4.1.1 (Python 3.9.2 on darwin)" generated="20211005 15:43:25.905" rpa="false" schemaversion="2">
<suite id="s1" name="WebTest1" source="/Users/bobiandreevski/PycharmProjects/pythonProject1/webtest/Tests/Web/Production/WebTest1.robot">
<test id="s1-t1" name="Test to login with valid credentials to Swedish account">
<kw name="Hejalbert Website Is Open" type="SETUP">
<kw name="Open Browser" library="SeleniumLibrary">
<arg>${SWE_URL}</arg>
<arg>${BROWSER}</arg>
<doc>Opens a new browser instance to the optional ``url``.</doc>
<msg timestamp="20211005 15:43:26.088" level="INFO">Opening browser 'headlesschrome' to base url 'https://hejalbert.se/'.</msg>
<status status="PASS" starttime="20211005 15:43:26.087" endtime="20211005 15:43:28.477"/>
</kw>
<kw name="Set Window Size" library="SeleniumLibrary">
<arg>1400</arg>
<arg>600</arg>
<doc>Sets current windows size to given ``width`` and ``height``.</doc>
<status status="PASS" starttime="20211005 15:43:28.478" endtime="20211005 15:43:28.691"/>
</kw>
<status status="PASS" starttime="20211005 15:43:26.087" endtime="20211005 15:43:28.692"/>
</kw>
<kw name="Wait Until Element Is Visible" library="SeleniumLibrary">
<arg>//*[@id="home_bas_modal"]</arg>
<doc>Waits until the element ``locator`` is visible.</doc>
<status status="PASS" starttime="20211005 15:43:28.692" endtime="20211005 15:43:28.917"/>
</kw>
<kw name="Click Element" library="SeleniumLibrary">
<arg>//*[@id="__next"]/header[2]/nav[2]/ul/li[1]/a</arg>
<doc>Click the element identified by ``locator``.</doc>
<msg timestamp="20211005 15:43:28.919" level="INFO">Clicking element '//*[@id="__next"]/header[2]/nav[2]/ul/li[1]/a'.</msg>
<status status="PASS" starttime="20211005 15:43:28.918" endtime="20211005 15:43:30.778"/>
</kw>
<kw name="Wait Until Page Contains" library="SeleniumLibrary">
<arg>Logga in på Föräldraportalen</arg>
<doc>Waits until ``text`` appears on the current page.</doc>
<status status="PASS" starttime="20211005 15:43:30.778" endtime="20211005 15:43:30.788"/>
</kw>
<kw name="Input Text" library="SeleniumLibrary">
<arg>//*[@id="root"]/div/div/div/form/div/label[1]/div/input</arg>
<arg>${USERNAME}</arg>
<doc>Types the given ``text`` into the text field identified by ``locator``.</doc>
<msg timestamp="20211005 15:43:30.789" level="INFO">Typing text 'bobi@hejalbert.se' into text field '//*[@id="root"]/div/div/div/form/div/label[1]/div/input'.</msg>
<status status="PASS" starttime="20211005 15:43:30.788" endtime="20211005 15:43:30.904"/>
</kw>
<kw name="Input Text" library="SeleniumLibrary">
<arg>//*[@id="root"]/div/div/div/form/div/label[2]/div/input</arg>
<arg>${PASSWORD}</arg>
<doc>Types the given ``text`` into the text field identified by ``locator``.</doc>
<msg timestamp="20211005 15:43:30.905" level="INFO">Typing text 'test1234' into text field '//*[@id="root"]/div/div/div/form/div/label[2]/div/input'.</msg>
<status status="PASS" starttime="20211005 15:43:30.905" endtime="20211005 15:43:30.974"/>
</kw>
<kw name="Click Button" library="SeleniumLibrary">
<arg>//*[@id="root"]/div/div/div/form/button</arg>
<doc>Clicks the button identified by ``locator``.</doc>
<msg timestamp="20211005 15:43:30.975" level="INFO">Clicking button '//*[@id="root"]/div/div/div/form/button'.</msg>
<status status="PASS" starttime="20211005 15:43:30.974" endtime="20211005 15:43:31.049"/>
</kw>
<kw name="Wait Until Page Contains" library="SeleniumLibrary">
<arg>Föräldrarapport</arg>
<doc>Waits until ``text`` appears on the current page.</doc>
<status status="PASS" starttime="20211005 15:43:31.050" endtime="20211005 15:43:33.145"/>
</kw>
<kw name="Element Should Contain" library="SeleniumLibrary">
<arg>//*[@id="root"]/header/div/div/div</arg>
<arg>${USERNAME}</arg>
<doc>Verifies that element ``locator`` contains text ``expected``.</doc>
<msg timestamp="20211005 15:43:33.184" level="INFO">Element '//*[@id="root"]/header/div/div/div' contains text 'bobi@hejalbert.se'.</msg>
<status status="PASS" starttime="20211005 15:43:33.145" endtime="20211005 15:43:33.184"/>
</kw>
<kw name="Click Element" library="SeleniumLibrary">
<arg>//*[@id="root"]/header/div/div</arg>
<doc>Click the element identified by ``locator``.</doc>
<msg timestamp="20211005 15:43:33.184" level="INFO">Clicking element '//*[@id="root"]/header/div/div'.</msg>
<status status="PASS" starttime="20211005 15:43:33.184" endtime="20211005 15:43:33.221"/>
</kw>
<kw name="Click Element" library="SeleniumLibrary">
<arg>//*[@id="root"]/header/div/nav/ul/li[2]/a</arg>
<doc>Click the element identified by ``locator``.</doc>
<msg timestamp="20211005 15:43:33.222" level="INFO">Clicking element '//*[@id="root"]/header/div/nav/ul/li[2]/a'.</msg>
<status status="PASS" starttime="20211005 15:43:33.222" endtime="20211005 15:43:33.264"/>
</kw>
<kw name="Wait Until Page Contains" library="SeleniumLibrary">
<arg>Logga in på Föräldraportalen</arg>
<doc>Waits until ``text`` appears on the current page.</doc>
<status status="PASS" starttime="20211005 15:43:33.264" endtime="20211005 15:43:33.293"/>
</kw>
<kw name="Close Browser" library="SeleniumLibrary" type="TEARDOWN">
<doc>Closes the current browser.</doc>
<status status="PASS" starttime="20211005 15:43:33.293" endtime="20211005 15:43:33.383"/>
</kw>
<doc>Login to hejalbert</doc>
<status status="PASS" starttime="20211005 15:43:26.086" endtime="20211005 15:43:33.383"/>
</test>
<test id="s1-t2" name="Test to login with valid credentials to Norwegian account">
<kw name="Hejalbert Website Is Open" type="SETUP">
<kw name="Open Browser" library="SeleniumLibrary">
<arg>${SWE_URL}</arg>
<arg>${BROWSER}</arg>
<doc>Opens a new browser instance to the optional ``url``.</doc>
<msg timestamp="20211005 15:43:33.386" level="INFO">Opening browser 'headlesschrome' to base url 'https://hejalbert.se/'.</msg>
<status status="PASS" starttime="20211005 15:43:33.386" endtime="20211005 15:43:35.775"/>
</kw>
<kw name="Set Window Size" library="SeleniumLibrary">
<arg>1400</arg>
<arg>600</arg>
<doc>Sets current windows size to given ``width`` and ``height``.</doc>
<status status="PASS" starttime="20211005 15:43:35.776" endtime="20211005 15:43:35.991"/>
</kw>
<status status="PASS" starttime="20211005 15:43:33.385" endtime="20211005 15:43:35.992"/>
</kw>
<kw name="Go To" library="SeleniumLibrary">
<arg>${NOR_URL}</arg>
<doc>Navigates the current browser window to the provided ``url``.</doc>
<msg timestamp="20211005 15:43:35.993" level="INFO">Opening url 'https://heialbert.no/'</msg>
<status status="PASS" starttime="20211005 15:43:35.992" endtime="20211005 15:43:38.112"/>
</kw>
<kw name="Wait Until Element Is Visible" library="SeleniumLibrary">
<arg>//*[@id="__next"]/header[2]/nav[2]/ul/li[1]/a</arg>
<doc>Waits until the element ``locator`` is visible.</doc>
<status status="PASS" starttime="20211005 15:43:38.112" endtime="20211005 15:43:38.134"/>
</kw>
<kw name="Click Element" library="SeleniumLibrary">
<arg>//*[@id="__next"]/header[2]/nav[2]/ul/li[1]/a</arg>
<doc>Click the element identified by ``locator``.</doc>
<msg timestamp="20211005 15:43:38.135" level="INFO">Clicking element '//*[@id="__next"]/header[2]/nav[2]/ul/li[1]/a'.</msg>
<status status="PASS" starttime="20211005 15:43:38.134" endtime="20211005 15:43:38.443"/>
</kw>
<kw name="Wait Until Page Contains" library="SeleniumLibrary">
<arg>Logg inn på foreldreportalen</arg>
<doc>Waits until ``text`` appears on the current page.</doc>
<status status="PASS" starttime="20211005 15:43:38.443" endtime="20211005 15:43:39.732"/>
</kw>
<kw name="Input Text" library="SeleniumLibrary">
<arg>//*[@id="root"]/div/div/div/form/div/label[1]/div/input</arg>
<arg>${USERNAME}</arg>
<doc>Types the given ``text`` into the text field identified by ``locator``.</doc>
<msg timestamp="20211005 15:43:39.732" level="INFO">Typing text 'bobi@hejalbert.se' into text field '//*[@id="root"]/div/div/div/form/div/label[1]/div/input'.</msg>
<status status="PASS" starttime="20211005 15:43:39.732" endtime="20211005 15:43:39.846"/>
</kw>
<kw name="Input Text" library="SeleniumLibrary">
<arg>//*[@id="root"]/div/div/div/form/div/label[2]/div/input</arg>
<arg>${PASSWORD}</arg>
<doc>Types the given ``text`` into the text field identified by ``locator``.</doc>
<msg timestamp="20211005 15:43:39.847" level="INFO">Typing text 'test1234' into text field '//*[@id="root"]/div/div/div/form/div/label[2]/div/input'.</msg>
<status status="PASS" starttime="20211005 15:43:39.846" endtime="20211005 15:43:39.916"/>
</kw>
<kw name="Click Button" library="SeleniumLibrary">
<arg>//*[@id="root"]/div/div/div/form/button</arg>
<doc>Clicks the button identified by ``locator``.</doc>
<msg timestamp="20211005 15:43:39.917" level="INFO">Clicking button '//*[@id="root"]/div/div/div/form/button'.</msg>
<status status="PASS" starttime="20211005 15:43:39.916" endtime="20211005 15:43:39.997"/>
</kw>
<kw name="Wait Until Page Contains" library="SeleniumLibrary">
<arg>Foreldrerapport</arg>
<doc>Waits until ``text`` appears on the current page.</doc>
<status status="PASS" starttime="20211005 15:43:39.997" endtime="20211005 15:43:42.131"/>
</kw>
<kw name="Element Should Contain" library="SeleniumLibrary">
<arg>//*[@id="root"]/header/div/div/div</arg>
<arg>${USERNAME}</arg>
<doc>Verifies that element ``locator`` contains text ``expected``.</doc>
<msg timestamp="20211005 15:43:42.159" level="INFO">Element '//*[@id="root"]/header/div/div/div' contains text 'bobi@hejalbert.se'.</msg>
<status status="PASS" starttime="20211005 15:43:42.131" endtime="20211005 15:43:42.159"/>
</kw>
<kw name="Click Element" library="SeleniumLibrary">
<arg>//*[@id="root"]/header/div/div</arg>
<doc>Click the element identified by ``locator``.</doc>
<msg timestamp="20211005 15:43:42.160" level="INFO">Clicking element '//*[@id="root"]/header/div/div'.</msg>
<status status="PASS" starttime="20211005 15:43:42.159" endtime="20211005 15:43:42.200"/>
</kw>
<kw name="Click Element" library="SeleniumLibrary">
<arg>//*[@id="root"]/header/div/nav/ul/li[2]/a</arg>
<doc>Click the element identified by ``locator``.</doc>
<msg timestamp="20211005 15:43:42.201" level="INFO">Clicking element '//*[@id="root"]/header/div/nav/ul/li[2]/a'.</msg>
<status status="PASS" starttime="20211005 15:43:42.201" endtime="20211005 15:43:42.237"/>
</kw>
<kw name="Wait Until Page Contains" library="SeleniumLibrary">
<arg>Logg inn på foreldreportalen</arg>
<doc>Waits until ``text`` appears on the current page.</doc>
<status status="PASS" starttime="20211005 15:43:42.237" endtime="20211005 15:43:42.264"/>
</kw>
<kw name="Close Browser" library="SeleniumLibrary" type="TEARDOWN">
<doc>Closes the current browser.</doc>
<status status="PASS" starttime="20211005 15:43:42.265" endtime="20211005 15:43:42.364"/>
</kw>
<doc>Login to Norwegian hejalbert</doc>
<status status="PASS" starttime="20211005 15:43:33.384" endtime="20211005 15:43:42.365"/>
</test>
<test id="s1-t3" name="Test to login with valid credentials to Polish account">
<kw name="Hejalbert Website Is Open" type="SETUP">
<kw name="Open Browser" library="SeleniumLibrary">
<arg>${SWE_URL}</arg>
<arg>${BROWSER}</arg>
<doc>Opens a new browser instance to the optional ``url``.</doc>
<msg timestamp="20211005 15:43:42.368" level="INFO">Opening browser 'headlesschrome' to base url 'https://hejalbert.se/'.</msg>
<status status="PASS" starttime="20211005 15:43:42.367" endtime="20211005 15:43:45.980"/>
</kw>
<kw name="Set Window Size" library="SeleniumLibrary">
<arg>1400</arg>
<arg>600</arg>
<doc>Sets current windows size to given ``width`` and ``height``.</doc>
<status status="PASS" starttime="20211005 15:43:45.980" endtime="20211005 15:43:46.100"/>
</kw>
<status status="PASS" starttime="20211005 15:43:42.367" endtime="20211005 15:43:46.101"/>
</kw>
<kw name="Go To" library="SeleniumLibrary">
<arg>${POL_URL}</arg>
<doc>Navigates the current browser window to the provided ``url``.</doc>
<msg timestamp="20211005 15:43:46.101" level="INFO">Opening url 'https://hejalbert.pl/'</msg>
<status status="PASS" starttime="20211005 15:43:46.101" endtime="20211005 15:43:46.792"/>
</kw>
<kw name="Wait Until Element Is Visible" library="SeleniumLibrary">
<arg>//*[@id="__next"]/header[2]/nav[2]/ul/li[1]/a</arg>
<doc>Waits until the element ``locator`` is visible.</doc>
<status status="PASS" starttime="20211005 15:43:46.792" endtime="20211005 15:43:47.054"/>
</kw>
<kw name="Click Element" library="SeleniumLibrary">
<arg>//*[@id="__next"]/header[2]/nav[2]/ul/li[1]/a</arg>
<doc>Click the element identified by ``locator``.</doc>
<msg timestamp="20211005 15:43:47.054" level="INFO">Clicking element '//*[@id="__next"]/header[2]/nav[2]/ul/li[1]/a'.</msg>
<status status="PASS" starttime="20211005 15:43:47.054" endtime="20211005 15:43:47.794"/>
</kw>
<kw name="Wait Until Page Contains" library="SeleniumLibrary">
<arg>Zaloguj się do Portalu rodzicielskiego</arg>
<doc>Waits until ``text`` appears on the current page.</doc>
<status status="PASS" starttime="20211005 15:43:47.794" endtime="20211005 15:43:48.453"/>
</kw>
<kw name="Input Text" library="SeleniumLibrary">
<arg>//*[@id="root"]/div/div/div/form/div/label[1]/div/input</arg>
<arg>${USERNAME}</arg>
<doc>Types the given ``text`` into the text field identified by ``locator``.</doc>
<msg timestamp="20211005 15:43:48.454" level="INFO">Typing text 'bobi@hejalbert.se' into text field '//*[@id="root"]/div/div/div/form/div/label[1]/div/input'.</msg>
<status status="PASS" starttime="20211005 15:43:48.453" endtime="20211005 15:43:48.570"/>
</kw>
<kw name="Input Text" library="SeleniumLibrary">
<arg>//*[@id="root"]/div/div/div/form/div/label[2]/div/input</arg>
<arg>${PASSWORD}</arg>
<doc>Types the given ``text`` into the text field identified by ``locator``.</doc>
<msg timestamp="20211005 15:43:48.571" level="INFO">Typing text 'test1234' into text field '//*[@id="root"]/div/div/div/form/div/label[2]/div/input'.</msg>
<status status="PASS" starttime="20211005 15:43:48.570" endtime="20211005 15:43:48.639"/>
</kw>
<kw name="Click Button" library="SeleniumLibrary">
<arg>//*[@id="root"]/div/div/div/form/button</arg>
<doc>Clicks the button identified by ``locator``.</doc>
<msg timestamp="20211005 15:43:48.640" level="INFO">Clicking button '//*[@id="root"]/div/div/div/form/button'.</msg>
<status status="PASS" starttime="20211005 15:43:48.640" endtime="20211005 15:43:48.711"/>
</kw>
<kw name="Wait Until Page Contains" library="SeleniumLibrary">
<arg>Sprawozdanie dla rodzica</arg>
<doc>Waits until ``text`` appears on the current page.</doc>
<status status="PASS" starttime="20211005 15:43:48.712" endtime="20211005 15:43:50.827"/>
</kw>
<kw name="Element Should Contain" library="SeleniumLibrary">
<arg>//*[@id="root"]/header/div/div/div</arg>
<arg>${USERNAME}</arg>
<doc>Verifies that element ``locator`` contains text ``expected``.</doc>
<msg timestamp="20211005 15:43:50.850" level="INFO">Element '//*[@id="root"]/header/div/div/div' contains text 'bobi@hejalbert.se'.</msg>
<status status="PASS" starttime="20211005 15:43:50.827" endtime="20211005 15:43:50.850"/>
</kw>
<kw name="Click Element" library="SeleniumLibrary">
<arg>//*[@id="root"]/header/div/div</arg>
<doc>Click the element identified by ``locator``.</doc>
<msg timestamp="20211005 15:43:50.850" level="INFO">Clicking element '//*[@id="root"]/header/div/div'.</msg>
<status status="PASS" starttime="20211005 15:43:50.850" endtime="20211005 15:43:50.890"/>
</kw>
<kw name="Click Element" library="SeleniumLibrary">
<arg>//*[@id="root"]/header/div/nav/ul/li[2]/a</arg>
<doc>Click the element identified by ``locator``.</doc>
<msg timestamp="20211005 15:43:50.890" level="INFO">Clicking element '//*[@id="root"]/header/div/nav/ul/li[2]/a'.</msg>
<status status="PASS" starttime="20211005 15:43:50.890" endtime="20211005 15:43:50.928"/>
</kw>
<kw name="Wait Until Page Contains" library="SeleniumLibrary">
<arg>Zaloguj się do Portalu rodzicielskiego</arg>
<doc>Waits until ``text`` appears on the current page.</doc>
<status status="PASS" starttime="20211005 15:43:50.929" endtime="20211005 15:43:50.953"/>
</kw>
<kw name="Close Browser" library="SeleniumLibrary" type="TEARDOWN">
<doc>Closes the current browser.</doc>
<status status="PASS" starttime="20211005 15:43:50.954" endtime="20211005 15:43:51.057"/>
</kw>
<doc>Login to Polish hejalbert</doc>
<status status="PASS" starttime="20211005 15:43:42.365" endtime="20211005 15:43:51.057"/>
</test>
<test id="s1-t4" name="Test to login with valid credentials to Danish account">
<kw name="Hejalbert Website Is Open" type="SETUP">
<kw name="Open Browser" library="SeleniumLibrary">
<arg>${SWE_URL}</arg>
<arg>${BROWSER}</arg>
<doc>Opens a new browser instance to the optional ``url``.</doc>
<msg timestamp="20211005 15:43:51.060" level="INFO">Opening browser 'headlesschrome' to base url 'https://hejalbert.se/'.</msg>
<status status="PASS" starttime="20211005 15:43:51.060" endtime="20211005 15:43:53.355"/>
</kw>
<kw name="Set Window Size" library="SeleniumLibrary">
<arg>1400</arg>
<arg>600</arg>
<doc>Sets current windows size to given ``width`` and ``height``.</doc>
<status status="PASS" starttime="20211005 15:43:53.356" endtime="20211005 15:43:53.482"/>
</kw>
<status status="PASS" starttime="20211005 15:43:51.059" endtime="20211005 15:43:53.483"/>
</kw>
<kw name="Go To" library="SeleniumLibrary">
<arg>${DK_URL}</arg>
<doc>Navigates the current browser window to the provided ``url``.</doc>
<msg timestamp="20211005 15:43:53.484" level="INFO">Opening url 'https://hejalbert.dk/'</msg>
<status status="PASS" starttime="20211005 15:43:53.483" endtime="20211005 15:43:54.838"/>
</kw>
<kw name="Wait Until Element Is Visible" library="SeleniumLibrary">
<arg>//*[@id="__next"]/header[2]/nav[2]/ul/li[1]/a</arg>
<doc>Waits until the element ``locator`` is visible.</doc>
<status status="PASS" starttime="20211005 15:43:54.839" endtime="20211005 15:43:54.862"/>
</kw>
<kw name="Click Element" library="SeleniumLibrary">
<arg>//*[@id="__next"]/header[2]/nav[2]/ul/li[1]/a</arg>
<doc>Click the element identified by ``locator``.</doc>
<msg timestamp="20211005 15:43:54.862" level="INFO">Clicking element '//*[@id="__next"]/header[2]/nav[2]/ul/li[1]/a'.</msg>
<status status="PASS" starttime="20211005 15:43:54.862" endtime="20211005 15:43:55.001"/>
</kw>
<kw name="Wait Until Page Contains" library="SeleniumLibrary">
<arg>Log ind på forældreportalen</arg>
<doc>Waits until ``text`` appears on the current page.</doc>
<status status="PASS" starttime="20211005 15:43:55.002" endtime="20211005 15:43:56.181"/>
</kw>
<kw name="Input Text" library="SeleniumLibrary">
<arg>//*[@id="root"]/div/div/div/form/div/label[1]/div/input</arg>
<arg>${USERNAME}</arg>
<doc>Types the given ``text`` into the text field identified by ``locator``.</doc>
<msg timestamp="20211005 15:43:56.182" level="INFO">Typing text 'bobi@hejalbert.se' into text field '//*[@id="root"]/div/div/div/form/div/label[1]/div/input'.</msg>
<status status="PASS" starttime="20211005 15:43:56.182" endtime="20211005 15:43:56.296"/>
</kw>
<kw name="Input Text" library="SeleniumLibrary">
<arg>//*[@id="root"]/div/div/div/form/div/label[2]/div/input</arg>
<arg>${PASSWORD}</arg>
<doc>Types the given ``text`` into the text field identified by ``locator``.</doc>
<msg timestamp="20211005 15:43:56.297" level="INFO">Typing text 'test1234' into text field '//*[@id="root"]/div/div/div/form/div/label[2]/div/input'.</msg>
<status status="PASS" starttime="20211005 15:43:56.296" endtime="20211005 15:43:56.365"/>
</kw>
<kw name="Click Button" library="SeleniumLibrary">
<arg>//*[@id="root"]/div/div/div/form/button</arg>
<doc>Clicks the button identified by ``locator``.</doc>
<msg timestamp="20211005 15:43:56.365" level="INFO">Clicking button '//*[@id="root"]/div/div/div/form/button'.</msg>
<status status="PASS" starttime="20211005 15:43:56.365" endtime="20211005 15:43:56.431"/>
</kw>
<kw name="Wait Until Page Contains" library="SeleniumLibrary">
<arg>Forældrerapport</arg>
<doc>Waits until ``text`` appears on the current page.</doc>
<status status="PASS" starttime="20211005 15:43:56.432" endtime="20211005 15:43:58.380"/>
</kw>
<kw name="Element Should Contain" library="SeleniumLibrary">
<arg>//*[@id="root"]/header/div/div/div</arg>
<arg>${USERNAME}</arg>
<doc>Verifies that element ``locator`` contains text ``expected``.</doc>
<msg timestamp="20211005 15:43:58.407" level="INFO">Element '//*[@id="root"]/header/div/div/div' contains text 'bobi@hejalbert.se'.</msg>
<status status="PASS" starttime="20211005 15:43:58.380" endtime="20211005 15:43:58.408"/>
</kw>
<kw name="Click Element" library="SeleniumLibrary">
<arg>//*[@id="root"]/header/div/div</arg>
<doc>Click the element identified by ``locator``.</doc>
<msg timestamp="20211005 15:43:58.408" level="INFO">Clicking element '//*[@id="root"]/header/div/div'.</msg>
<status status="PASS" starttime="20211005 15:43:58.408" endtime="20211005 15:43:58.448"/>
</kw>
<kw name="Click Element" library="SeleniumLibrary">
<arg>//*[@id="root"]/header/div/nav/ul/li[2]/a</arg>
<doc>Click the element identified by ``locator``.</doc>
<msg timestamp="20211005 15:43:58.449" level="INFO">Clicking element '//*[@id="root"]/header/div/nav/ul/li[2]/a'.</msg>
<status status="PASS" starttime="20211005 15:43:58.449" endtime="20211005 15:43:58.486"/>
</kw>
<kw name="Wait Until Page Contains" library="SeleniumLibrary">
<arg>Log ind på forældreportalen</arg>
<doc>Waits until ``text`` appears on the current page.</doc>
<status status="PASS" starttime="20211005 15:43:58.486" endtime="20211005 15:43:58.512"/>
</kw>
<kw name="Close Browser" library="SeleniumLibrary" type="TEARDOWN">
<doc>Closes the current browser.</doc>
<status status="PASS" starttime="20211005 15:43:58.512" endtime="20211005 15:43:58.612"/>
</kw>
<doc>Login to Danish hejalbert</doc>
<status status="PASS" starttime="20211005 15:43:51.058" endtime="20211005 15:43:58.612"/>
</test>
<test id="s1-t5" name="Test to login with valid credentials to English account">
<kw name="Hejalbert Website Is Open" type="SETUP">
<kw name="Open Browser" library="SeleniumLibrary">
<arg>${SWE_URL}</arg>
<arg>${BROWSER}</arg>
<doc>Opens a new browser instance to the optional ``url``.</doc>
<msg timestamp="20211005 15:43:58.615" level="INFO">Opening browser 'headlesschrome' to base url 'https://hejalbert.se/'.</msg>
<status status="PASS" starttime="20211005 15:43:58.614" endtime="20211005 15:44:02.546"/>
</kw>
<kw name="Set Window Size" library="SeleniumLibrary">
<arg>1400</arg>
<arg>600</arg>
<doc>Sets current windows size to given ``width`` and ``height``.</doc>
<status status="PASS" starttime="20211005 15:44:02.547" endtime="20211005 15:44:02.654"/>
</kw>
<status status="PASS" starttime="20211005 15:43:58.614" endtime="20211005 15:44:02.654"/>
</kw>
<kw name="Go To" library="SeleniumLibrary">
<arg>${UK_URL}</arg>
<doc>Navigates the current browser window to the provided ``url``.</doc>
<msg timestamp="20211005 15:44:02.655" level="INFO">Opening url 'https://hialbert.co.uk/'</msg>
<status status="PASS" starttime="20211005 15:44:02.654" endtime="20211005 15:44:03.806"/>
</kw>
<kw name="Wait Until Element Is Visible" library="SeleniumLibrary">
<arg>//*[@id="__next"]/header[2]/nav[2]/ul/li[1]/a</arg>
<doc>Waits until the element ``locator`` is visible.</doc>
<status status="PASS" starttime="20211005 15:44:03.807" endtime="20211005 15:44:03.961"/>
</kw>
<kw name="Click Element" library="SeleniumLibrary">
<arg>//*[@id="__next"]/header[2]/nav[2]/ul/li[1]/a</arg>
<doc>Click the element identified by ``locator``.</doc>
<msg timestamp="20211005 15:44:03.962" level="INFO">Clicking element '//*[@id="__next"]/header[2]/nav[2]/ul/li[1]/a'.</msg>
<status status="PASS" starttime="20211005 15:44:03.961" endtime="20211005 15:44:04.852"/>
</kw>
<kw name="Wait Until Page Contains" library="SeleniumLibrary">
<arg>Log in to the Parent Portal</arg>
<doc>Waits until ``text`` appears on the current page.</doc>
<status status="PASS" starttime="20211005 15:44:04.852" endtime="20211005 15:44:05.298"/>
</kw>
<kw name="Input Text" library="SeleniumLibrary">
<arg>//*[@id="root"]/div/div/div/form/div/label[1]/div/input</arg>
<arg>${USERNAME}</arg>
<doc>Types the given ``text`` into the text field identified by ``locator``.</doc>
<msg timestamp="20211005 15:44:05.298" level="INFO">Typing text 'bobi@hejalbert.se' into text field '//*[@id="root"]/div/div/div/form/div/label[1]/div/input'.</msg>
<status status="PASS" starttime="20211005 15:44:05.298" endtime="20211005 15:44:05.415"/>
</kw>
<kw name="Input Text" library="SeleniumLibrary">
<arg>//*[@id="root"]/div/div/div/form/div/label[2]/div/input</arg>
<arg>${PASSWORD}</arg>
<doc>Types the given ``text`` into the text field identified by ``locator``.</doc>
<msg timestamp="20211005 15:44:05.416" level="INFO">Typing text 'test1234' into text field '//*[@id="root"]/div/div/div/form/div/label[2]/div/input'.</msg>
<status status="PASS" starttime="20211005 15:44:05.416" endtime="20211005 15:44:05.484"/>
</kw>
<kw name="Click Button" library="SeleniumLibrary">
<arg>//*[@id="root"]/div/div/div/form/button</arg>
<doc>Clicks the button identified by ``locator``.</doc>
<msg timestamp="20211005 15:44:05.485" level="INFO">Clicking button '//*[@id="root"]/div/div/div/form/button'.</msg>
<status status="PASS" starttime="20211005 15:44:05.485" endtime="20211005 15:44:05.551"/>
</kw>
<kw name="Wait Until Page Contains" library="SeleniumLibrary">
<arg>Parental report</arg>
<doc>Waits until ``text`` appears on the current page.</doc>
<status status="PASS" starttime="20211005 15:44:05.552" endtime="20211005 15:44:07.629"/>
</kw>
<kw name="Element Should Contain" library="SeleniumLibrary">
<arg>//*[@id="root"]/header/div/div/div</arg>
<arg>${USERNAME}</arg>
<doc>Verifies that element ``locator`` contains text ``expected``.</doc>
<msg timestamp="20211005 15:44:07.665" level="INFO">Element '//*[@id="root"]/header/div/div/div' contains text 'bobi@hejalbert.se'.</msg>
<status status="PASS" starttime="20211005 15:44:07.630" endtime="20211005 15:44:07.666"/>
</kw>
<kw name="Click Element" library="SeleniumLibrary">
<arg>//*[@id="root"]/header/div/div</arg>
<doc>Click the element identified by ``locator``.</doc>
<msg timestamp="20211005 15:44:07.666" level="INFO">Clicking element '//*[@id="root"]/header/div/div'.</msg>
<status status="PASS" starttime="20211005 15:44:07.666" endtime="20211005 15:44:07.704"/>
</kw>
<kw name="Click Element" library="SeleniumLibrary">
<arg>//*[@id="root"]/header/div/nav/ul/li[2]/a</arg>
<doc>Click the element identified by ``locator``.</doc>
<msg timestamp="20211005 15:44:07.704" level="INFO">Clicking element '//*[@id="root"]/header/div/nav/ul/li[2]/a'.</msg>
<status status="PASS" starttime="20211005 15:44:07.704" endtime="20211005 15:44:07.741"/>
</kw>
<kw name="Wait Until Page Contains" library="SeleniumLibrary">
<arg>Log in to the Parent Portal</arg>
<doc>Waits until ``text`` appears on the current page.</doc>
<status status="PASS" starttime="20211005 15:44:07.742" endtime="20211005 15:44:07.765"/>
</kw>
<kw name="Close Browser" library="SeleniumLibrary" type="TEARDOWN">
<doc>Closes the current browser.</doc>
<status status="PASS" starttime="20211005 15:44:07.766" endtime="20211005 15:44:07.869"/>
</kw>
<doc>Login to English hejalbert</doc>
<status status="PASS" starttime="20211005 15:43:58.613" endtime="20211005 15:44:07.869"/>
</test>
<test id="s1-t6" name="Test to login with valid credentials to German account">
<kw name="Hejalbert Website Is Open" type="SETUP">
<kw name="Open Browser" library="SeleniumLibrary">
<arg>${SWE_URL}</arg>
<arg>${BROWSER}</arg>
<doc>Opens a new browser instance to the optional ``url``.</doc>
<msg timestamp="20211005 15:44:07.872" level="INFO">Opening browser 'headlesschrome' to base url 'https://hejalbert.se/'.</msg>
<status status="PASS" starttime="20211005 15:44:07.872" endtime="20211005 15:44:10.155"/>
</kw>
<kw name="Set Window Size" library="SeleniumLibrary">
<arg>1400</arg>
<arg>600</arg>
<doc>Sets current windows size to given ``width`` and ``height``.</doc>
<status status="PASS" starttime="20211005 15:44:10.155" endtime="20211005 15:44:10.291"/>
</kw>
<status status="PASS" starttime="20211005 15:44:07.871" endtime="20211005 15:44:10.292"/>
</kw>
<kw name="Go To" library="SeleniumLibrary">
<arg>${DE_URL}</arg>
<doc>Navigates the current browser window to the provided ``url``.</doc>
<msg timestamp="20211005 15:44:10.293" level="INFO">Opening url 'https://hialbert.de/'</msg>
<status status="PASS" starttime="20211005 15:44:10.292" endtime="20211005 15:44:11.565"/>
</kw>
<kw name="Wait Until Element Is Visible" library="SeleniumLibrary">
<arg>//*[@id="__next"]/header[2]/nav[2]/ul/li[1]/a</arg>
<doc>Waits until the element ``locator`` is visible.</doc>
<status status="PASS" starttime="20211005 15:44:11.566" endtime="20211005 15:44:11.590"/>
</kw>
<kw name="Click Element" library="SeleniumLibrary">
<arg>//*[@id="__next"]/header[2]/nav[2]/ul/li[1]/a</arg>
<doc>Click the element identified by ``locator``.</doc>
<msg timestamp="20211005 15:44:11.591" level="INFO">Clicking element '//*[@id="__next"]/header[2]/nav[2]/ul/li[1]/a'.</msg>
<status status="PASS" starttime="20211005 15:44:11.591" endtime="20211005 15:44:11.884"/>
</kw>
<kw name="Wait Until Page Contains" library="SeleniumLibrary">
<arg>Im Elternportal einloggen</arg>
<doc>Waits until ``text`` appears on the current page.</doc>
<status status="PASS" starttime="20211005 15:44:11.885" endtime="20211005 15:44:13.121"/>
</kw>
<kw name="Input Text" library="SeleniumLibrary">
<arg>//*[@id="root"]/div/div/div/form/div/label[1]/div/input</arg>
<arg>${USERNAME}</arg>
<doc>Types the given ``text`` into the text field identified by ``locator``.</doc>
<msg timestamp="20211005 15:44:13.121" level="INFO">Typing text 'bobi@hejalbert.se' into text field '//*[@id="root"]/div/div/div/form/div/label[1]/div/input'.</msg>
<status status="PASS" starttime="20211005 15:44:13.121" endtime="20211005 15:44:13.232"/>
</kw>
<kw name="Input Text" library="SeleniumLibrary">
<arg>//*[@id="root"]/div/div/div/form/div/label[2]/div/input</arg>
<arg>${PASSWORD}</arg>
<doc>Types the given ``text`` into the text field identified by ``locator``.</doc>
<msg timestamp="20211005 15:44:13.233" level="INFO">Typing text 'test1234' into text field '//*[@id="root"]/div/div/div/form/div/label[2]/div/input'.</msg>
<status status="PASS" starttime="20211005 15:44:13.232" endtime="20211005 15:44:13.308"/>
</kw>
<kw name="Click Button" library="SeleniumLibrary">
<arg>//*[@id="root"]/div/div/div/form/button</arg>
<doc>Clicks the button identified by ``locator``.</doc>
<msg timestamp="20211005 15:44:13.308" level="INFO">Clicking button '//*[@id="root"]/div/div/div/form/button'.</msg>
<status status="PASS" starttime="20211005 15:44:13.308" endtime="20211005 15:44:13.377"/>
</kw>
<kw name="Wait Until Page Contains" library="SeleniumLibrary">
<arg>Elternbericht</arg>
<doc>Waits until ``text`` appears on the current page.</doc>
<status status="PASS" starttime="20211005 15:44:13.377" endtime="20211005 15:44:16.329"/>
</kw>
<kw name="Element Should Contain" library="SeleniumLibrary">
<arg>//*[@id="root"]/header/div/div/div</arg>
<arg>${USERNAME}</arg>
<doc>Verifies that element ``locator`` contains text ``expected``.</doc>
<msg timestamp="20211005 15:44:16.351" level="INFO">Element '//*[@id="root"]/header/div/div/div' contains text 'bobi@hejalbert.se'.</msg>
<status status="PASS" starttime="20211005 15:44:16.329" endtime="20211005 15:44:16.351"/>
</kw>
<kw name="Click Element" library="SeleniumLibrary">
<arg>//*[@id="root"]/header/div/div</arg>
<doc>Click the element identified by ``locator``.</doc>
<msg timestamp="20211005 15:44:16.351" level="INFO">Clicking element '//*[@id="root"]/header/div/div'.</msg>
<status status="PASS" starttime="20211005 15:44:16.351" endtime="20211005 15:44:16.391"/>
</kw>
<kw name="Click Element" library="SeleniumLibrary">
<arg>//*[@id="root"]/header/div/nav/ul/li[2]/a</arg>
<doc>Click the element identified by ``locator``.</doc>
<msg timestamp="20211005 15:44:16.392" level="INFO">Clicking element '//*[@id="root"]/header/div/nav/ul/li[2]/a'.</msg>
<status status="PASS" starttime="20211005 15:44:16.392" endtime="20211005 15:44:16.432"/>
</kw>
<kw name="Wait Until Page Contains" library="SeleniumLibrary">
<arg>Im Elternportal einloggen</arg>
<doc>Waits until ``text`` appears on the current page.</doc>
<status status="PASS" starttime="20211005 15:44:16.432" endtime="20211005 15:44:16.456"/>
</kw>
<kw name="Close Browser" library="SeleniumLibrary" type="TEARDOWN">
<doc>Closes the current browser.</doc>
<status status="PASS" starttime="20211005 15:44:16.457" endtime="20211005 15:44:16.557"/>
</kw>
<doc>Login to German hejalbert</doc>
<status status="PASS" starttime="20211005 15:44:07.870" endtime="20211005 15:44:16.557"/>
</test>
<doc>Login to hej albert to all countrys</doc>
<status status="PASS" starttime="20211005 15:43:25.908" endtime="20211005 15:44:16.559"/>
</suite>
<statistics>
<total>
<stat pass="6" fail="0" skip="0">All Tests</stat>
</total>
<tag>
</tag>
<suite>
<stat pass="6" fail="0" skip="0" id="s1" name="WebTest1">WebTest1</stat>
</suite>
</statistics>
<errors>
</errors>
</robot>
